<?xml version="1.0" encoding="UTF-8"?>
<!-- Generated by org.testng.reporters.JUnitXMLReporter -->
<testsuite hostname="BLRKEC254737L" name="Test1" tests="1" failures="1" timestamp="21 Aug 2019 14:02:17 GMT" time="0.024" errors="0">
  <testcase name="testsearchProduct" time="0.008" classname="com.flipkart.scripts.SearchProductTest">
    <failure type="java.lang.NullPointerException">
      <![CDATA[java.lang.NullPointerException
	at org.openqa.selenium.support.pagefactory.DefaultElementLocator.findElement(DefaultElementLocator.java:69)
	at org.openqa.selenium.support.pagefactory.internal.LocatingElementHandler.invoke(LocatingElementHandler.java:38)
	at com.sun.proxy.$Proxy7.sendKeys(Unknown Source)
	at com.flipkart.pages.SearchPage.searchProduct(SearchPage.java:27)
	at com.flipkart.scripts.SearchProductTest.testsearchProduct(SearchProductTest.java:18)
... Removed 24 stack frames]]>
    </failure>
  </testcase> <!-- testsearchProduct -->
</testsuite> <!-- Test1 -->
