<?xml version="1.0" encoding="UTF-8"?>
<!-- Generated by org.testng.reporters.JUnitXMLReporter -->
<testsuite hostname="BLRKEC254737L" ignored="0" name="Command line test" tests="3" failures="1" timestamp="26 Aug 2019 01:56:01 GMT" time="167.545" errors="0">
  <testcase name="testLoginwithValidCredentials" time="11.75" classname="com.flipkart.scripts.FlipkartLoginTest"/>
  <testcase name="testsearchProduct" time="61.7" classname="com.flipkart.scripts.FlipkartLoginTest"/>
  <testcase name="testsearchProduct" time="8.0" classname="com.flipkart.scripts.SearchProductTest">
    <failure type="java.lang.NullPointerException">
      <![CDATA[java.lang.NullPointerException
at org.openqa.selenium.support.pagefactory.DefaultElementLocator.findElement(DefaultElementLocator.java:69)
at org.openqa.selenium.support.pagefactory.internal.LocatingElementHandler.invoke(LocatingElementHandler.java:38)
at com.sun.proxy.$Proxy7.sendKeys(Unknown Source)
at com.flipkart.pages.SearchPage.searchProduct(SearchPage.java:41)
at com.flipkart.scripts.SearchProductTest.testsearchProduct(SearchProductTest.java:18)
... Removed 35 stack frames]]>
    </failure>
  </testcase> <!-- testsearchProduct -->
</testsuite> <!-- Command line test -->
