<?xml version="1.0" encoding="UTF-8"?>
<!-- Generated by org.testng.reporters.JUnitXMLReporter -->
<testsuite hostname="BLRKEC254737L" ignored="0" name="Command line test" tests="3" failures="1" timestamp="22 Aug 2019 06:06:22 GMT" time="12.163" errors="0">
  <testcase name="testLoginwithValidCredentials" time="0.526" classname="com.flipkart.scripts.FlipkartLoginTest"/>
  <testcase name="testsearchProduct" time="0.596" classname="com.flipkart.scripts.FlipkartLoginTest"/>
  <testcase name="testsearchProduct" time="0.0" classname="com.flipkart.scripts.SearchProductTest">
    <failure type="java.lang.NullPointerException">
      <![CDATA[java.lang.NullPointerException
at java.util.Objects.requireNonNull(Objects.java:203)
at org.openqa.selenium.support.ui.FluentWait.<init>(FluentWait.java:115)
at org.openqa.selenium.support.ui.WebDriverWait.<init>(WebDriverWait.java:102)
at org.openqa.selenium.support.ui.WebDriverWait.<init>(WebDriverWait.java:45)
at com.flipkart.pages.SearchPage.waitForElement(SearchPage.java:106)
at com.flipkart.pages.SearchPage.searchProduct(SearchPage.java:39)
at com.flipkart.scripts.SearchProductTest.testsearchProduct(SearchProductTest.java:18)
... Removed 35 stack frames]]>
    </failure>
  </testcase> <!-- testsearchProduct -->
</testsuite> <!-- Command line test -->
