<?xml version="1.0" encoding="UTF-8"?>
<testng-results skipped="0" failed="1" ignored="0" total="3" passed="2">
  <reporter-output>
  </reporter-output>
  <suite name="Command line suite" duration-ms="167545" started-at="2019-08-26T01:53:14Z" finished-at="2019-08-26T01:56:01Z">
    <groups>
    </groups>
    <test name="Command line test" duration-ms="167545" started-at="2019-08-26T01:53:14Z" finished-at="2019-08-26T01:56:01Z">
      <class name="com.flipkart.scripts.FlipkartLoginTest">
        <test-method status="PASS" signature="setUp()[pri:0, instance:com.flipkart.scripts.FlipkartLoginTest@a00318d1]" name="setUp" is-config="true" duration-ms="75520" started-at="2019-08-26T01:53:14Z" finished-at="2019-08-26T01:54:29Z">
          <reporter-output>
          </reporter-output>
        </test-method> <!-- setUp -->
        <test-method status="PASS" signature="testLoginwithValidCredentials()[pri:0, instance:com.flipkart.scripts.FlipkartLoginTest@a00318d1]" name="testLoginwithValidCredentials" duration-ms="11750" started-at="2019-08-26T01:54:29Z" finished-at="2019-08-26T01:54:41Z">
          <reporter-output>
          </reporter-output>
        </test-method> <!-- testLoginwithValidCredentials -->
        <test-method status="PASS" signature="testsearchProduct()[pri:0, instance:com.flipkart.scripts.FlipkartLoginTest@a00318d1]" name="testsearchProduct" duration-ms="61700" started-at="2019-08-26T01:54:41Z" finished-at="2019-08-26T01:55:43Z">
          <reporter-output>
          </reporter-output>
        </test-method> <!-- testsearchProduct -->
        <test-method status="PASS" signature="closeBrowser()[pri:0, instance:com.flipkart.scripts.FlipkartLoginTest@a00318d1]" name="closeBrowser" is-config="true" duration-ms="10403" started-at="2019-08-26T01:55:43Z" finished-at="2019-08-26T01:55:53Z">
          <reporter-output>
          </reporter-output>
        </test-method> <!-- closeBrowser -->
      </class> <!-- com.flipkart.scripts.FlipkartLoginTest -->
      <class name="com.flipkart.scripts.SearchProductTest">
        <test-method status="FAIL" signature="testsearchProduct()[pri:0, instance:com.flipkart.scripts.SearchProductTest@de1aac64]" name="testsearchProduct" duration-ms="8000" started-at="2019-08-26T01:55:53Z" finished-at="2019-08-26T01:56:01Z">
          <exception class="java.lang.NullPointerException">
            <full-stacktrace>
              <![CDATA[java.lang.NullPointerException
at org.openqa.selenium.support.pagefactory.DefaultElementLocator.findElement(DefaultElementLocator.java:69)
at org.openqa.selenium.support.pagefactory.internal.LocatingElementHandler.invoke(LocatingElementHandler.java:38)
at com.sun.proxy.$Proxy7.sendKeys(Unknown Source)
at com.flipkart.pages.SearchPage.searchProduct(SearchPage.java:41)
at com.flipkart.scripts.SearchProductTest.testsearchProduct(SearchProductTest.java:18)
at sun.reflect.NativeMethodAccessorImpl.invoke0(Native Method)
at sun.reflect.NativeMethodAccessorImpl.invoke(NativeMethodAccessorImpl.java:62)
at sun.reflect.DelegatingMethodAccessorImpl.invoke(DelegatingMethodAccessorImpl.java:43)
at java.lang.reflect.Method.invoke(Method.java:498)
at org.testng.internal.MethodInvocationHelper.invokeMethod(MethodInvocationHelper.java:124)
at org.testng.internal.Invoker.invokeMethod(Invoker.java:583)
at org.testng.internal.Invoker.invokeTestMethod(Invoker.java:719)
at org.testng.internal.Invoker.invokeTestMethods(Invoker.java:989)
at org.testng.internal.TestMethodWorker.invokeTestMethods(TestMethodWorker.java:125)
at org.testng.internal.TestMethodWorker.run(TestMethodWorker.java:109)
at org.testng.TestRunner.privateRun(TestRunner.java:648)
at org.testng.TestRunner.run(TestRunner.java:505)
at org.testng.SuiteRunner.runTest(SuiteRunner.java:455)
at org.testng.SuiteRunner.runSequentially(SuiteRunner.java:450)
at org.testng.SuiteRunner.privateRun(SuiteRunner.java:415)
at org.testng.SuiteRunner.run(SuiteRunner.java:364)
at org.testng.SuiteRunnerWorker.runSuite(SuiteRunnerWorker.java:52)
at org.testng.SuiteRunnerWorker.run(SuiteRunnerWorker.java:84)
at org.testng.TestNG.runSuitesSequentially(TestNG.java:1208)
at org.testng.TestNG.runSuitesLocally(TestNG.java:1137)
at org.testng.TestNG.runSuites(TestNG.java:1049)
at org.testng.TestNG.run(TestNG.java:1017)
at org.apache.maven.surefire.testng.TestNGExecutor.run(TestNGExecutor.java:77)
at org.apache.maven.surefire.testng.TestNGDirectoryTestSuite.executeMulti(TestNGDirectoryTestSuite.java:159)
at org.apache.maven.surefire.testng.TestNGDirectoryTestSuite.execute(TestNGDirectoryTestSuite.java:99)
at org.apache.maven.surefire.testng.TestNGProvider.invoke(TestNGProvider.java:106)
at sun.reflect.NativeMethodAccessorImpl.invoke0(Native Method)
at sun.reflect.NativeMethodAccessorImpl.invoke(NativeMethodAccessorImpl.java:62)
at sun.reflect.DelegatingMethodAccessorImpl.invoke(DelegatingMethodAccessorImpl.java:43)
at java.lang.reflect.Method.invoke(Method.java:498)
at org.apache.maven.surefire.util.ReflectionUtils.invokeMethodWithArray(ReflectionUtils.java:189)
at org.apache.maven.surefire.booter.ProviderFactory$ProviderProxy.invoke(ProviderFactory.java:165)
at org.apache.maven.surefire.booter.ProviderFactory.invokeProvider(ProviderFactory.java:85)
at org.apache.maven.surefire.booter.ForkedBooter.runSuitesInProcess(ForkedBooter.java:115)
at org.apache.maven.surefire.booter.ForkedBooter.main(ForkedBooter.java:75)
]]>
            </full-stacktrace>
          </exception> <!-- java.lang.NullPointerException -->
          <reporter-output>
          </reporter-output>
        </test-method> <!-- testsearchProduct -->
      </class> <!-- com.flipkart.scripts.SearchProductTest -->
    </test> <!-- Command line test -->
  </suite> <!-- Command line suite -->
</testng-results>
