<?xml version="1.0" encoding="UTF-8"?>
<testng-results skipped="0" failed="1" ignored="0" total="3" passed="2">
  <reporter-output>
  </reporter-output>
  <suite name="Command line suite" duration-ms="12163" started-at="2019-08-22T06:06:10Z" finished-at="2019-08-22T06:06:22Z">
    <groups>
    </groups>
    <test name="Command line test" duration-ms="12163" started-at="2019-08-22T06:06:10Z" finished-at="2019-08-22T06:06:22Z">
      <class name="com.flipkart.scripts.FlipkartLoginTest">
        <test-method status="PASS" signature="setUp()[pri:0, instance:com.flipkart.scripts.FlipkartLoginTest@a831f459]" name="setUp" is-config="true" duration-ms="8848" started-at="2019-08-22T06:06:10Z" finished-at="2019-08-22T06:06:18Z">
          <reporter-output>
          </reporter-output>
        </test-method> <!-- setUp -->
        <test-method status="PASS" signature="testLoginwithValidCredentials()[pri:0, instance:com.flipkart.scripts.FlipkartLoginTest@a831f459]" name="testLoginwithValidCredentials" duration-ms="526" started-at="2019-08-22T06:06:18Z" finished-at="2019-08-22T06:06:19Z">
          <reporter-output>
          </reporter-output>
        </test-method> <!-- testLoginwithValidCredentials -->
        <test-method status="PASS" signature="testsearchProduct()[pri:0, instance:com.flipkart.scripts.FlipkartLoginTest@a831f459]" name="testsearchProduct" duration-ms="596" started-at="2019-08-22T06:06:19Z" finished-at="2019-08-22T06:06:20Z">
          <reporter-output>
          </reporter-output>
        </test-method> <!-- testsearchProduct -->
        <test-method status="PASS" signature="closeBrowser()[pri:0, instance:com.flipkart.scripts.FlipkartLoginTest@a831f459]" name="closeBrowser" is-config="true" duration-ms="2155" started-at="2019-08-22T06:06:20Z" finished-at="2019-08-22T06:06:22Z">
          <reporter-output>
          </reporter-output>
        </test-method> <!-- closeBrowser -->
      </class> <!-- com.flipkart.scripts.FlipkartLoginTest -->
      <class name="com.flipkart.scripts.SearchProductTest">
        <test-method status="FAIL" signature="testsearchProduct()[pri:0, instance:com.flipkart.scripts.SearchProductTest@e6246170]" name="testsearchProduct" duration-ms="0" started-at="2019-08-22T06:06:22Z" finished-at="2019-08-22T06:06:22Z">
          <exception class="java.lang.NullPointerException">
            <full-stacktrace>
              <![CDATA[java.lang.NullPointerException
at java.util.Objects.requireNonNull(Objects.java:203)
at org.openqa.selenium.support.ui.FluentWait.<init>(FluentWait.java:115)
at org.openqa.selenium.support.ui.WebDriverWait.<init>(WebDriverWait.java:102)
at org.openqa.selenium.support.ui.WebDriverWait.<init>(WebDriverWait.java:45)
at com.flipkart.pages.SearchPage.waitForElement(SearchPage.java:106)
at com.flipkart.pages.SearchPage.searchProduct(SearchPage.java:39)
at com.flipkart.scripts.SearchProductTest.testsearchProduct(SearchProductTest.java:18)
at sun.reflect.NativeMethodAccessorImpl.invoke0(Native Method)
at sun.reflect.NativeMethodAccessorImpl.invoke(NativeMethodAccessorImpl.java:62)
at sun.reflect.DelegatingMethodAccessorImpl.invoke(DelegatingMethodAccessorImpl.java:43)
at java.lang.reflect.Method.invoke(Method.java:498)
at org.testng.internal.MethodInvocationHelper.invokeMethod(MethodInvocationHelper.java:124)
at org.testng.internal.Invoker.invokeMethod(Invoker.java:583)
at org.testng.internal.Invoker.invokeTestMethod(Invoker.java:719)
at org.testng.internal.Invoker.invokeTestMethods(Invoker.java:989)
at org.testng.internal.TestMethodWorker.invokeTestMethods(TestMethodWorker.java:125)
at org.testng.internal.TestMethodWorker.run(TestMethodWorker.java:109)
at org.testng.TestRunner.privateRun(TestRunner.java:648)
at org.testng.TestRunner.run(TestRunner.java:505)
at org.testng.SuiteRunner.runTest(SuiteRunner.java:455)
at org.testng.SuiteRunner.runSequentially(SuiteRunner.java:450)
at org.testng.SuiteRunner.privateRun(SuiteRunner.java:415)
at org.testng.SuiteRunner.run(SuiteRunner.java:364)
at org.testng.SuiteRunnerWorker.runSuite(SuiteRunnerWorker.java:52)
at org.testng.SuiteRunnerWorker.run(SuiteRunnerWorker.java:84)
at org.testng.TestNG.runSuitesSequentially(TestNG.java:1208)
at org.testng.TestNG.runSuitesLocally(TestNG.java:1137)
at org.testng.TestNG.runSuites(TestNG.java:1049)
at org.testng.TestNG.run(TestNG.java:1017)
at org.apache.maven.surefire.testng.TestNGExecutor.run(TestNGExecutor.java:77)
at org.apache.maven.surefire.testng.TestNGDirectoryTestSuite.executeMulti(TestNGDirectoryTestSuite.java:159)
at org.apache.maven.surefire.testng.TestNGDirectoryTestSuite.execute(TestNGDirectoryTestSuite.java:99)
at org.apache.maven.surefire.testng.TestNGProvider.invoke(TestNGProvider.java:106)
at sun.reflect.NativeMethodAccessorImpl.invoke0(Native Method)
at sun.reflect.NativeMethodAccessorImpl.invoke(NativeMethodAccessorImpl.java:62)
at sun.reflect.DelegatingMethodAccessorImpl.invoke(DelegatingMethodAccessorImpl.java:43)
at java.lang.reflect.Method.invoke(Method.java:498)
at org.apache.maven.surefire.util.ReflectionUtils.invokeMethodWithArray(ReflectionUtils.java:189)
at org.apache.maven.surefire.booter.ProviderFactory$ProviderProxy.invoke(ProviderFactory.java:165)
at org.apache.maven.surefire.booter.ProviderFactory.invokeProvider(ProviderFactory.java:85)
at org.apache.maven.surefire.booter.ForkedBooter.runSuitesInProcess(ForkedBooter.java:115)
at org.apache.maven.surefire.booter.ForkedBooter.main(ForkedBooter.java:75)
]]>
            </full-stacktrace>
          </exception> <!-- java.lang.NullPointerException -->
          <reporter-output>
          </reporter-output>
        </test-method> <!-- testsearchProduct -->
      </class> <!-- com.flipkart.scripts.SearchProductTest -->
    </test> <!-- Command line test -->
  </suite> <!-- Command line suite -->
</testng-results>
