<?xml version="1.0" encoding="UTF-8"?>
<testng-results skipped="0" failed="0" total="2" passed="2">
  <reporter-output>
  </reporter-output>
  <suite name="Flipkart Suite" duration-ms="88244" started-at="2019-08-26T01:56:31Z" finished-at="2019-08-26T01:57:59Z">
    <groups>
    </groups>
    <test name="Login Test" duration-ms="88244" started-at="2019-08-26T01:56:31Z" finished-at="2019-08-26T01:57:59Z">
      <class name="com.flipkart.scripts.FlipkartLoginTest">
        <test-method status="PASS" signature="setUp()[pri:0, instance:com.flipkart.scripts.FlipkartLoginTest@825adcad]" name="setUp" is-config="true" duration-ms="20743" started-at="2019-08-26T07:26:31Z" finished-at="2019-08-26T07:26:51Z">
          <reporter-output>
          </reporter-output>
        </test-method> <!-- setUp -->
        <test-method status="PASS" signature="testLoginwithValidCredentials()[pri:0, instance:com.flipkart.scripts.FlipkartLoginTest@825adcad]" name="testLoginwithValidCredentials" duration-ms="5116" started-at="2019-08-26T07:26:52Z" finished-at="2019-08-26T07:26:57Z">
          <reporter-output>
          </reporter-output>
        </test-method> <!-- testLoginwithValidCredentials -->
        <test-method status="PASS" signature="testsearchProduct()[pri:0, instance:com.flipkart.scripts.FlipkartLoginTest@825adcad]" name="testsearchProduct" duration-ms="61984" started-at="2019-08-26T07:26:57Z" finished-at="2019-08-26T07:27:59Z">
          <reporter-output>
          </reporter-output>
        </test-method> <!-- testsearchProduct -->
        <test-method status="PASS" signature="closeBrowser()[pri:0, instance:com.flipkart.scripts.FlipkartLoginTest@825adcad]" name="closeBrowser" is-config="true" duration-ms="177" started-at="2019-08-26T07:27:59Z" finished-at="2019-08-26T07:27:59Z">
          <reporter-output>
          </reporter-output>
        </test-method> <!-- closeBrowser -->
      </class> <!-- com.flipkart.scripts.FlipkartLoginTest -->
    </test> <!-- Login Test -->
  </suite> <!-- Flipkart Suite -->
</testng-results>
